<?xml version="1.0" encoding="UTF-8"?>
<!-- Generated by org.testng.reporters.JUnitReportReporter -->
<testsuite hostname="Paramesh" failures="0" tests="1" name="testscripts.AddToCartTest" time="15.753" errors="0" timestamp="2023-12-29T16:56:38 IST" skipped="0">
  <testcase classname="testscripts.AddToCartTest" name="addToCartTest" time="15.753"/>
  <system-out/>
</testsuite> <!-- testscripts.AddToCartTest -->
