<?xml version="1.0" encoding="UTF-8"?>
<!-- Generated by org.testng.reporters.JUnitReportReporter -->
<testsuite hostname="Paramesh" failures="0" tests="1" name="testscripts.AddAddressTest" time="22.206" errors="0" timestamp="2023-12-29T16:56:38 IST" skipped="0">
  <testcase classname="testscripts.AddAddressTest" name="addAddressTest" time="22.206"/>
  <system-out/>
</testsuite> <!-- testscripts.AddAddressTest -->
